Traceback (most recent call last):
  File "tsv_main3.py", line 9, in <module>
    from transformers import AutoTokenizer, AutoModelForCausalLM
  File "<frozen importlib._bootstrap>", line 1039, in _handle_fromlist
  File "/data/zyy/miniforge3/envs/tsv/lib/python3.8/site-packages/transformers/utils/import_utils.py", line 1576, in __getattr__
    module = self._get_module(self._class_to_module[name])
  File "/data/zyy/miniforge3/envs/tsv/lib/python3.8/site-packages/transformers/utils/import_utils.py", line 1586, in _get_module
    return importlib.import_module("." + module_name, self.__name__)
  File "/data/zyy/miniforge3/envs/tsv/lib/python3.8/importlib/__init__.py", line 127, in import_module
    return _bootstrap._gcd_import(name[level:], package, level)
  File "/data/zyy/miniforge3/envs/tsv/lib/python3.8/site-packages/transformers/models/__init__.py", line 15, in <module>
    from . import (
  File "/data/zyy/miniforge3/envs/tsv/lib/python3.8/site-packages/transformers/models/mt5/__init__.py", line 36, in <module>
    from ..t5.tokenization_t5_fast import T5TokenizerFast
  File "/data/zyy/miniforge3/envs/tsv/lib/python3.8/site-packages/transformers/models/t5/tokenization_t5_fast.py", line 23, in <module>
    from ...tokenization_utils_fast import PreTrainedTokenizerFast
  File "/data/zyy/miniforge3/envs/tsv/lib/python3.8/site-packages/transformers/tokenization_utils_fast.py", line 34, in <module>
    from .modeling_gguf_pytorch_utils import load_gguf_checkpoint
  File "/data/zyy/miniforge3/envs/tsv/lib/python3.8/site-packages/transformers/modeling_gguf_pytorch_utils.py", line 29, in <module>
    from .utils import is_torch_available
  File "<frozen importlib._bootstrap>", line 389, in parent
KeyboardInterrupt
